c:\users\encryptme\desktop\hexrazeexternal\hexrazeexternaldll\release\vc142.pdb
c:\users\encryptme\desktop\hexrazeexternal\hexrazeexternaldll\release\threads.obj
c:\users\encryptme\desktop\hexrazeexternal\hexrazeexternaldll\release\socket.obj
c:\users\encryptme\desktop\hexrazeexternal\hexrazeexternaldll\release\vars.obj
c:\users\encryptme\desktop\hexrazeexternal\hexrazeexternaldll\release\rustsdk.obj
c:\users\encryptme\desktop\hexrazeexternal\hexrazeexternaldll\release\loops.obj
c:\users\encryptme\desktop\hexrazeexternal\hexrazeexternaldll\release\draw.obj
c:\users\encryptme\desktop\hexrazeexternal\hexrazeexternaldll\release\driverrw.obj
c:\users\encryptme\desktop\hexrazeexternal\hexrazeexternaldll\release\imgui_widgets.obj
c:\users\encryptme\desktop\hexrazeexternal\hexrazeexternaldll\release\imgui_impl_win32.obj
c:\users\encryptme\desktop\hexrazeexternal\hexrazeexternaldll\release\imgui_impl_dx9.obj
c:\users\encryptme\desktop\hexrazeexternal\hexrazeexternaldll\release\imgui_impl_dx11.obj
c:\users\encryptme\desktop\hexrazeexternal\hexrazeexternaldll\release\imgui_draw.obj
c:\users\encryptme\desktop\hexrazeexternal\hexrazeexternaldll\release\imgui_demo.obj
c:\users\encryptme\desktop\hexrazeexternal\hexrazeexternaldll\release\imgui.obj
c:\users\encryptme\desktop\hexrazeexternal\hexrazeexternaldll\release\guiglobalvar.obj
c:\users\encryptme\desktop\hexrazeexternal\hexrazeexternaldll\release\guiengine_menu.obj
c:\users\encryptme\desktop\hexrazeexternal\hexrazeexternaldll\release\guiengine_esp.obj
c:\users\encryptme\desktop\hexrazeexternal\hexrazeexternaldll\release\dllmain.obj
c:\users\encryptme\desktop\hexrazeexternal\hexrazeexternaldll\release\custom_elements.obj
c:\users\encryptme\desktop\hexrazeexternal\hexrazeexternaldll\release\aim.obj
c:\users\encryptme\desktop\hexrazeexternal\hexrazeexternaldll\release\tools.obj
c:\users\encryptme\desktop\hexrazeexternal\release\hexrazeexternaldll.ipdb
c:\users\encryptme\desktop\hexrazeexternal\release\hexrazeexternaldll.iobj
c:\users\encryptme\desktop\hexrazeexternal\release\hexrazeexternaldll.dll
c:\users\encryptme\desktop\hexrazeexternal\hexrazeexternaldll\release\hexrazee.2050b957.tlog\cl.command.1.tlog
c:\users\encryptme\desktop\hexrazeexternal\hexrazeexternaldll\release\hexrazee.2050b957.tlog\cl.read.1.tlog
c:\users\encryptme\desktop\hexrazeexternal\hexrazeexternaldll\release\hexrazee.2050b957.tlog\cl.write.1.tlog
c:\users\encryptme\desktop\hexrazeexternal\hexrazeexternaldll\release\hexrazee.2050b957.tlog\hexrazeexternaldll.write.1u.tlog
c:\users\encryptme\desktop\hexrazeexternal\hexrazeexternaldll\release\hexrazee.2050b957.tlog\link.command.1.tlog
c:\users\encryptme\desktop\hexrazeexternal\hexrazeexternaldll\release\hexrazee.2050b957.tlog\link.read.1.tlog
c:\users\encryptme\desktop\hexrazeexternal\hexrazeexternaldll\release\hexrazee.2050b957.tlog\link.write.1.tlog
